<?xml version="1.0" encoding="UTF-8"?>
<!-- Generated by org.testng.reporters.JUnitXMLReporter -->
<testsuite hostname="LAPTOP-96JPVRQF" ignored="0" name="AAA Testing App Test Cases" tests="2" failures="0" timestamp="2020-07-02T19:13:59 EDT" time="101.911" errors="0">
  <testcase name="ValidateTTQuoteTest" time="9.749" classname="com.aaa.qa.testcases.TraditionalTermQuoteTest"/>
  <testcase name="ValidateTTQuoteTest" time="8.345" classname="com.aaa.qa.testcases.TraditionalTermQuoteTest"/>
</testsuite> <!-- AAA Testing App Test Cases -->
